Watching for file changes with StatReloader
Watching for file changes with StatReloader
Not Found: /companies/1/
"GET /companies/1/ HTTP/1.1" 404 1737
"GET /admin HTTP/1.1" 301 0
"GET /admin/ HTTP/1.1" 302 0
"GET /admin/ HTTP/1.1" 302 0
"GET /admin/login/?next=/admin/ HTTP/1.1" 200 1822
"GET /admin/login/?next=/admin/ HTTP/1.1" 200 1822
"GET /static/admin/css/login.css HTTP/1.1" 200 1233
"GET /static/admin/css/base.css HTTP/1.1" 200 16378
"GET /static/admin/css/responsive.css HTTP/1.1" 200 17944
"GET /static/admin/css/fonts.css HTTP/1.1" 200 423
"GET /static/admin/fonts/Roboto-Regular-webfont.woff HTTP/1.1" 200 85876
"GET /static/admin/fonts/Roboto-Light-webfont.woff HTTP/1.1" 200 85692
Watching for file changes with StatReloader
"POST /admin/login/?next=/admin/ HTTP/1.1" 302 0
"GET /admin/ HTTP/1.1" 200 5863
"GET /static/admin/css/dashboard.css HTTP/1.1" 200 412
"GET /static/admin/img/icon-addlink.svg HTTP/1.1" 200 331
"GET /static/admin/img/icon-changelink.svg HTTP/1.1" 200 380
"GET /static/admin/fonts/Roboto-Bold-webfont.woff HTTP/1.1" 200 86184
"GET /admin/work/company/add/ HTTP/1.1" 200 3973
"GET /admin/jsi18n/ HTTP/1.1" 200 3223
"GET /static/admin/css/forms.css HTTP/1.1" 200 8518
"GET /static/admin/js/jquery.init.js HTTP/1.1" 200 363
"GET /static/admin/css/widgets.css HTTP/1.1" 200 10340
"GET /static/admin/js/prepopulate.js HTTP/1.1" 200 1530
"GET /static/admin/js/actions.js HTTP/1.1" 200 6766
"GET /static/admin/js/urlify.js HTTP/1.1" 200 8941
"GET /static/admin/js/core.js HTTP/1.1" 200 7099
"GET /static/admin/js/admin/RelatedObjectLookups.js HTTP/1.1" 200 6918
"GET /static/admin/js/change_form.js HTTP/1.1" 200 712
"GET /static/admin/js/prepopulate_init.js HTTP/1.1" 200 495
"GET /static/admin/js/vendor/xregexp/xregexp.js HTTP/1.1" 200 128820
"GET /static/admin/js/vendor/jquery/jquery.js HTTP/1.1" 200 271817
"POST /admin/work/company/add/ HTTP/1.1" 302 0
"GET /admin/work/company/ HTTP/1.1" 200 4540
"GET /admin/jsi18n/ HTTP/1.1" 200 3223
"GET /static/admin/css/changelists.css HTTP/1.1" 200 6170
"GET /static/admin/img/icon-yes.svg HTTP/1.1" 200 436
"GET /static/admin/img/tooltag-add.svg HTTP/1.1" 200 331
"GET /admin/work/ HTTP/1.1" 200 4576
"GET /admin/work/manager/ HTTP/1.1" 200 3170
"GET /admin/jsi18n/ HTTP/1.1" 200 3223
"GET /admin/work/manager/add/ HTTP/1.1" 200 5640
"GET /admin/jsi18n/ HTTP/1.1" 200 3223
"POST /admin/work/manager/add/ HTTP/1.1" 302 0
"GET /admin/work/manager/ HTTP/1.1" 200 4590
"GET /admin/jsi18n/ HTTP/1.1" 200 3223
"GET /admin/work/ HTTP/1.1" 200 4576
"GET /admin/work/work/add/ HTTP/1.1" 200 6196
"GET /admin/jsi18n/ HTTP/1.1" 200 3223
"GET /static/admin/js/admin/DateTimeShortcuts.js HTTP/1.1" 200 20218
"GET /static/admin/js/calendar.js HTTP/1.1" 200 7777
"POST /admin/work/work/add/ HTTP/1.1" 302 0
"GET /admin/work/work/ HTTP/1.1" 200 4506
"GET /admin/jsi18n/ HTTP/1.1" 200 3223
"GET /admin/work/ HTTP/1.1" 200 4576
"GET /admin/work/workplace/add/ HTTP/1.1" 200 6778
"GET /admin/jsi18n/ HTTP/1.1" 200 3223
"GET /admin/work/worker/add/?_to_field=id&_popup=1 HTTP/1.1" 200 3547
"GET /admin/jsi18n/ HTTP/1.1" 200 3223
"POST /admin/work/worker/add/?_to_field=id&_popup=1 HTTP/1.1" 200 374
"GET /static/admin/js/popup_response.js HTTP/1.1" 200 569
"POST /admin/work/workplace/add/ HTTP/1.1" 302 0
"GET /admin/work/workplace/ HTTP/1.1" 200 4598
"GET /admin/jsi18n/ HTTP/1.1" 200 3223
"GET /admin/work/ HTTP/1.1" 200 4576
"GET /admin/work/worker/ HTTP/1.1" 200 4335
"GET /admin/jsi18n/ HTTP/1.1" 200 3223
"GET /admin/work/ HTTP/1.1" 200 4576
"GET /admin/work/worktime/ HTTP/1.1" 200 3182
"GET /admin/jsi18n/ HTTP/1.1" 200 3223
"GET /admin/work/worktime/add/ HTTP/1.1" 200 7833
"GET /admin/jsi18n/ HTTP/1.1" 200 3223
"GET /static/admin/img/icon-clock.svg HTTP/1.1" 200 677
"GET /static/admin/img/icon-calendar.svg HTTP/1.1" 200 1086
"POST /admin/work/worktime/add/ HTTP/1.1" 302 0
"GET /admin/work/worktime/ HTTP/1.1" 200 4558
"GET /admin/jsi18n/ HTTP/1.1" 200 3223
"GET /admin/work/worktime/add/ HTTP/1.1" 200 7833
"GET /admin/jsi18n/ HTTP/1.1" 200 3223
"POST /admin/work/worktime/add/ HTTP/1.1" 302 0
"GET /admin/work/worktime/ HTTP/1.1" 200 4791
"GET /admin/jsi18n/ HTTP/1.1" 200 3223
"GET / HTTP/1.1" 200 371
"GET /static/work/style.css HTTP/1.1" 200 1934
"GET /companies/1/ HTTP/1.1" 200 562
Not Found: /worker/1/
"GET /worker/1/ HTTP/1.1" 404 2721
"GET /workers/1/ HTTP/1.1" 200 469
Watching for file changes with StatReloader
"GET /companies/1/ HTTP/1.1" 200 562
C:\Users\Home\Desktop\project\work_project\settings.py changed, reloading.
Watching for file changes with StatReloader
"GET /companies/1/ HTTP/1.1" 200 562
C:\Users\Home\Desktop\project\work_project\settings.py changed, reloading.
Watching for file changes with StatReloader
"GET /companies/1/ HTTP/1.1" 200 562
Watching for file changes with StatReloader
"GET /companies/1/ HTTP/1.1" 200 562
"GET /companies/1/ HTTP/1.1" 200 562
"GET /companies/1/ HTTP/1.1" 200 562
"GET /companies/1/ HTTP/1.1" 200 562
"GET /static/work/style.css HTTP/1.1" 200 1934
Not Found: /favicon.ico
"GET /favicon.ico HTTP/1.1" 404 2727
C:\Users\Home\Desktop\project\work_project\settings.py changed, reloading.
Watching for file changes with StatReloader
"GET /companies/1/ HTTP/1.1" 200 562
"GET /static/work/style.css HTTP/1.1" 200 1934
Not Found: /favicon.ico
"GET /favicon.ico HTTP/1.1" 404 2727
C:\Users\Home\Desktop\project\work_project\settings.py changed, reloading.
Watching for file changes with StatReloader
"GET /companies/1/ HTTP/1.1" 200 562
"GET /static/work/style.css HTTP/1.1" 200 1934
Not Found: /favicon.ico
"GET /favicon.ico HTTP/1.1" 404 2727
"GET / HTTP/1.1" 200 371
"GET /companies/1/ HTTP/1.1" 200 562
C:\Users\Home\Desktop\project\work_project\settings.py changed, reloading.
Watching for file changes with StatReloader
C:\Users\Home\Desktop\project\work_project\settings.py changed, reloading.
Watching for file changes with StatReloader
C:\Users\Home\Desktop\project\work_project\settings.py changed, reloading.
Watching for file changes with StatReloader
C:\Users\Home\Desktop\project\work_project\settings.py changed, reloading.
Watching for file changes with StatReloader
"GET /companies/1/ HTTP/1.1" 200 562
C:\Users\Home\Desktop\project\work\views.py changed, reloading.
Watching for file changes with StatReloader
"GET /companies/1/ HTTP/1.1" 200 562
"GET /companies/1/ HTTP/1.1" 200 562
C:\Users\Home\Desktop\project\work_project\urls.py changed, reloading.
Watching for file changes with StatReloader
C:\Users\Home\Desktop\project\work\views.py changed, reloading.
Watching for file changes with StatReloader
"GET /companies/1/ HTTP/1.1" 200 562
"GET /companies/1/ HTTP/1.1" 200 562
"GET /companies/1/ HTTP/1.1" 200 562
"GET /companies/1/ HTTP/1.1" 200 562
"GET /static/work/style.css HTTP/1.1" 200 1934
Not Found: /favicon.ico
"GET /favicon.ico HTTP/1.1" 404 2727
C:\Users\Home\Desktop\project\work\views.py changed, reloading.
Watching for file changes with StatReloader
"GET /companies/1/ HTTP/1.1" 200 562
C:\Users\Home\Desktop\project\work_project\settings.py changed, reloading.
Watching for file changes with StatReloader
"GET /workers/1 HTTP/1.1" 301 0
"GET /workers/1/ HTTP/1.1" 200 469
Internal Server Error: /workers/
Traceback (most recent call last):
  File "C:\Users\Home\Desktop\project\.env\lib\site-packages\django\template\base.py", line 470, in parse
    compile_func = self.tags[command]
KeyError: 'worker'

During handling of the above exception, another exception occurred:

Traceback (most recent call last):
  File "C:\Users\Home\Desktop\project\.env\lib\site-packages\django\core\handlers\exception.py", line 34, in inner
    response = get_response(request)
  File "C:\Users\Home\Desktop\project\.env\lib\site-packages\django\core\handlers\base.py", line 145, in _get_response
    response = self.process_exception_by_middleware(e, request)
  File "C:\Users\Home\Desktop\project\.env\lib\site-packages\django\core\handlers\base.py", line 143, in _get_response
    response = response.render()
  File "C:\Users\Home\Desktop\project\.env\lib\site-packages\django\template\response.py", line 106, in render
    self.content = self.rendered_content
  File "C:\Users\Home\Desktop\project\.env\lib\site-packages\django\template\response.py", line 81, in rendered_content
    template = self.resolve_template(self.template_name)
  File "C:\Users\Home\Desktop\project\.env\lib\site-packages\django\template\response.py", line 63, in resolve_template
    return select_template(template, using=self.using)
  File "C:\Users\Home\Desktop\project\.env\lib\site-packages\django\template\loader.py", line 42, in select_template
    return engine.get_template(template_name)
  File "C:\Users\Home\Desktop\project\.env\lib\site-packages\django\template\backends\django.py", line 34, in get_template
    return Template(self.engine.get_template(template_name), self)
  File "C:\Users\Home\Desktop\project\.env\lib\site-packages\django\template\engine.py", line 143, in get_template
    template, origin = self.find_template(template_name)
  File "C:\Users\Home\Desktop\project\.env\lib\site-packages\django\template\engine.py", line 125, in find_template
    template = loader.get_template(name, skip=skip)
  File "C:\Users\Home\Desktop\project\.env\lib\site-packages\django\template\loaders\base.py", line 29, in get_template
    return Template(
  File "C:\Users\Home\Desktop\project\.env\lib\site-packages\django\template\base.py", line 156, in __init__
    self.nodelist = self.compile_nodelist()
  File "C:\Users\Home\Desktop\project\.env\lib\site-packages\django\template\base.py", line 194, in compile_nodelist
    return parser.parse()
  File "C:\Users\Home\Desktop\project\.env\lib\site-packages\django\template\base.py", line 478, in parse
    raise self.error(token, e)
  File "C:\Users\Home\Desktop\project\.env\lib\site-packages\django\template\base.py", line 476, in parse
    compiled_result = compile_func(self, token)
  File "C:\Users\Home\Desktop\project\.env\lib\site-packages\django\template\loader_tags.py", line 266, in do_extends
    nodelist = parser.parse()
  File "C:\Users\Home\Desktop\project\.env\lib\site-packages\django\template\base.py", line 478, in parse
    raise self.error(token, e)
  File "C:\Users\Home\Desktop\project\.env\lib\site-packages\django\template\base.py", line 476, in parse
    compiled_result = compile_func(self, token)
  File "C:\Users\Home\Desktop\project\.env\lib\site-packages\django\template\loader_tags.py", line 209, in do_block
    nodelist = parser.parse(('endblock',))
  File "C:\Users\Home\Desktop\project\.env\lib\site-packages\django\template\base.py", line 478, in parse
    raise self.error(token, e)
  File "C:\Users\Home\Desktop\project\.env\lib\site-packages\django\template\base.py", line 476, in parse
    compiled_result = compile_func(self, token)
  File "C:\Users\Home\Desktop\project\.env\lib\site-packages\django\template\defaulttags.py", line 952, in do_if
    nodelist = parser.parse(('elif', 'else', 'endif'))
  File "C:\Users\Home\Desktop\project\.env\lib\site-packages\django\template\base.py", line 472, in parse
    self.invalid_block_tag(token, command, parse_until)
  File "C:\Users\Home\Desktop\project\.env\lib\site-packages\django\template\base.py", line 522, in invalid_block_tag
    raise self.error(
django.template.exceptions.TemplateSyntaxError: Invalid block tag on line 6: 'worker', expected 'elif', 'else' or 'endif'. Did you forget to register or load this tag?
"GET /workers/ HTTP/1.1" 500 160912
"GET /workers/ HTTP/1.1" 200 375
"GET /workers/ HTTP/1.1" 200 381
"GET /workers/ HTTP/1.1" 200 407
"GET /workers/1/ HTTP/1.1" 200 469
"GET /workers/1/ HTTP/1.1" 200 469
"GET /workers/1/ HTTP/1.1" 200 469
"GET /workers/1/ HTTP/1.1" 200 469
C:\Users\Home\Desktop\project\work\urls.py changed, reloading.
Watching for file changes with StatReloader
C:\Users\Home\Desktop\project\work\urls.py changed, reloading.
Watching for file changes with StatReloader
C:\Users\Home\Desktop\project\work\urls.py changed, reloading.
Watching for file changes with StatReloader
C:\Users\Home\Desktop\project\work\urls.py changed, reloading.
Watching for file changes with StatReloader
C:\Users\Home\Desktop\project\work\urls.py changed, reloading.
Watching for file changes with StatReloader
